18:09:51.891 [main] INFO  api.test.UserTest - ********Creating User******
18:09:56.164 [main] INFO  api.test.UserTest - *****user is created****
18:09:56.186 [main] INFO  api.test.UserTest - ******Reading user info*****
18:09:57.795 [main] INFO  api.test.UserTest - ******user info is displayed*****
18:09:57.802 [main] INFO  api.test.UserTest - *****Update user*****
18:10:00.672 [main] INFO  api.test.UserTest - *****Update user is displayed*****
18:10:00.675 [main] INFO  api.test.UserTest - *****delete user*****
18:10:02.016 [main] INFO  api.test.UserTest - *****delete user is displayed*****
18:11:12.214 [main] INFO  api.test.UserTest - ********Creating User******
18:11:16.707 [main] INFO  api.test.UserTest - *****user is created****
18:11:16.725 [main] INFO  api.test.UserTest - ******Reading user info*****
18:11:20.856 [main] INFO  api.test.UserTest - ******user info is displayed*****
18:11:20.860 [main] INFO  api.test.UserTest - *****Update user*****
18:11:24.529 [main] INFO  api.test.UserTest - *****Update user is displayed*****
18:11:24.533 [main] INFO  api.test.UserTest - *****delete user*****
18:11:27.988 [main] INFO  api.test.UserTest - *****delete user is displayed*****
18:19:15.433 [main] DEBUG api.test.UserTest - debugging......
18:19:15.602 [main] INFO  api.test.UserTest - ********Creating User******
18:19:18.576 [main] INFO  api.test.UserTest - *****user is created****
18:19:18.588 [main] INFO  api.test.UserTest - ******Reading user info*****
18:19:19.683 [main] INFO  api.test.UserTest - ******user info is displayed*****
18:19:19.686 [main] INFO  api.test.UserTest - *****Update user*****
18:19:21.976 [main] INFO  api.test.UserTest - *****Update user is displayed*****
18:19:21.979 [main] INFO  api.test.UserTest - *****delete user*****
18:19:23.063 [main] INFO  api.test.UserTest - *****delete user is displayed*****
12:27:08.221 [main] DEBUG api.test.UserTest2 - debugging......
12:27:08.428 [main] INFO  api.test.UserTest2 - ********Creating User******
12:27:08.449 [main] INFO  api.test.UserTest2 - ******Reading user info*****
12:27:08.454 [main] INFO  api.test.UserTest2 - *****Update user*****
12:27:08.459 [main] INFO  api.test.UserTest2 - *****delete user*****
12:28:39.165 [main] DEBUG api.test.UserTest2 - debugging......
12:28:39.392 [main] INFO  api.test.UserTest2 - ********Creating User******
12:28:39.409 [main] INFO  api.test.UserTest2 - ******Reading user info*****
12:28:39.415 [main] INFO  api.test.UserTest2 - *****Update user*****
12:28:39.422 [main] INFO  api.test.UserTest2 - *****delete user*****
12:30:21.742 [main] DEBUG api.test.UserTest2 - debugging......
12:30:21.903 [main] INFO  api.test.UserTest2 - ********Creating User******
12:34:17.930 [main] DEBUG api.test.UserTest2 - debugging......
12:34:18.097 [main] INFO  api.test.UserTest2 - ********Creating User******
12:34:20.715 [main] INFO  api.test.UserTest2 - *****user is created****
12:34:20.726 [main] INFO  api.test.UserTest2 - ******Reading user info*****
12:34:21.947 [main] INFO  api.test.UserTest2 - ******user info is displayed*****
12:34:21.951 [main] INFO  api.test.UserTest2 - *****Update user*****
12:34:24.128 [main] INFO  api.test.UserTest2 - *****Update user is displayed*****
12:34:24.131 [main] INFO  api.test.UserTest2 - *****delete user*****
12:34:25.230 [main] INFO  api.test.UserTest2 - *****delete user is displayed*****
13:19:49.243 [main] DEBUG api.test.UserTest2 - debugging......
13:19:49.377 [main] INFO  api.test.UserTest2 - ********Creating User******
13:19:51.960 [main] INFO  api.test.UserTest2 - *****user is created****
13:19:51.974 [main] INFO  api.test.UserTest2 - ******Reading user info*****
13:19:53.075 [main] INFO  api.test.UserTest2 - ******user info is displayed*****
13:19:53.078 [main] INFO  api.test.UserTest2 - *****Update user*****
13:19:55.235 [main] INFO  api.test.UserTest2 - *****Update user is displayed*****
13:19:55.239 [main] INFO  api.test.UserTest2 - *****delete user*****
13:19:56.417 [main] INFO  api.test.UserTest2 - *****delete user is displayed*****
13:22:32.444 [main] DEBUG api.test.UserTest2 - debugging......
13:22:32.584 [main] INFO  api.test.UserTest2 - ********Creating User******
13:22:35.062 [main] INFO  api.test.UserTest2 - *****user is created****
13:22:35.071 [main] INFO  api.test.UserTest2 - ******Reading user info*****
13:22:36.198 [main] INFO  api.test.UserTest2 - ******user info is displayed*****
13:22:36.203 [main] INFO  api.test.UserTest2 - *****Update user*****
13:22:38.375 [main] INFO  api.test.UserTest2 - *****Update user is displayed*****
13:22:38.378 [main] INFO  api.test.UserTest2 - *****delete user*****
13:22:39.478 [main] INFO  api.test.UserTest2 - *****delete user is displayed*****
13:29:29.444 [main] DEBUG api.test.UserTest2 - debugging......
13:29:29.597 [main] INFO  api.test.UserTest2 - ********Creating User******
13:29:32.183 [main] INFO  api.test.UserTest2 - *****user is created****
13:29:32.204 [main] INFO  api.test.UserTest2 - ******Reading user info*****
13:29:33.292 [main] INFO  api.test.UserTest2 - ******user info is displayed*****
13:29:33.296 [main] INFO  api.test.UserTest2 - *****Update user*****
13:29:35.493 [main] INFO  api.test.UserTest2 - *****Update user is displayed*****
13:29:35.497 [main] INFO  api.test.UserTest2 - *****delete user*****
13:29:36.561 [main] INFO  api.test.UserTest2 - *****delete user is displayed*****
14:53:26.859 [main] DEBUG api.test.UserTest2 - debugging......
14:53:27.133 [main] INFO  api.test.UserTest2 - ********Creating User******
14:53:31.221 [main] INFO  api.test.UserTest2 - *****user is created****
14:53:31.234 [main] INFO  api.test.UserTest2 - ******Reading user info*****
14:53:32.652 [main] INFO  api.test.UserTest2 - ******user info is displayed*****
14:53:32.655 [main] INFO  api.test.UserTest2 - *****Update user*****
14:53:35.608 [main] INFO  api.test.UserTest2 - *****Update user is displayed*****
14:53:35.611 [main] INFO  api.test.UserTest2 - *****delete user*****
14:53:36.955 [main] INFO  api.test.UserTest2 - *****delete user is displayed*****
14:54:00.086 [main] DEBUG api.test.UserTest2 - debugging......
14:54:00.314 [main] INFO  api.test.UserTest2 - ********Creating User******
14:54:04.056 [main] INFO  api.test.UserTest2 - *****user is created****
14:54:04.070 [main] INFO  api.test.UserTest2 - ******Reading user info*****
14:54:05.610 [main] INFO  api.test.UserTest2 - ******user info is displayed*****
14:54:05.613 [main] INFO  api.test.UserTest2 - *****Update user*****
14:54:08.303 [main] INFO  api.test.UserTest2 - *****Update user is displayed*****
14:54:08.306 [main] INFO  api.test.UserTest2 - *****delete user*****
14:54:09.809 [main] INFO  api.test.UserTest2 - *****delete user is displayed*****
14:55:23.655 [main] DEBUG api.test.UserTest2 - debugging......
14:55:23.906 [main] INFO  api.test.UserTest2 - ********Creating User******
14:55:27.583 [main] INFO  api.test.UserTest2 - *****user is created****
14:55:27.595 [main] INFO  api.test.UserTest2 - ******Reading user info*****
14:55:28.968 [main] INFO  api.test.UserTest2 - ******user info is displayed*****
14:55:28.973 [main] INFO  api.test.UserTest2 - *****Update user*****
14:55:32.039 [main] INFO  api.test.UserTest2 - *****Update user is displayed*****
14:55:32.042 [main] INFO  api.test.UserTest2 - *****delete user*****
14:55:33.573 [main] INFO  api.test.UserTest2 - *****delete user is displayed*****
14:55:51.079 [main] DEBUG api.test.UserTest2 - debugging......
14:55:51.367 [main] INFO  api.test.UserTest2 - ********Creating User******
14:55:55.261 [main] INFO  api.test.UserTest2 - *****user is created****
14:55:55.279 [main] INFO  api.test.UserTest2 - ******Reading user info*****
14:55:56.923 [main] INFO  api.test.UserTest2 - ******user info is displayed*****
14:55:56.931 [main] INFO  api.test.UserTest2 - *****Update user*****
14:55:59.845 [main] INFO  api.test.UserTest2 - *****Update user is displayed*****
14:55:59.852 [main] INFO  api.test.UserTest2 - *****delete user*****
14:56:01.232 [main] INFO  api.test.UserTest2 - *****delete user is displayed*****
14:56:27.328 [main] DEBUG api.test.UserTest2 - debugging......
14:56:27.545 [main] INFO  api.test.UserTest2 - ********Creating User******
14:56:31.260 [main] INFO  api.test.UserTest2 - *****user is created****
14:56:31.272 [main] INFO  api.test.UserTest2 - ******Reading user info*****
14:56:32.715 [main] INFO  api.test.UserTest2 - ******user info is displayed*****
14:56:32.718 [main] INFO  api.test.UserTest2 - *****Update user*****
14:56:35.629 [main] INFO  api.test.UserTest2 - *****Update user is displayed*****
14:56:35.633 [main] INFO  api.test.UserTest2 - *****delete user*****
14:56:36.884 [main] INFO  api.test.UserTest2 - *****delete user is displayed*****
14:59:20.899 [main] DEBUG api.test.UserTest2 - debugging......
14:59:21.167 [main] INFO  api.test.UserTest2 - ********Creating User******
14:59:24.593 [main] INFO  api.test.UserTest2 - *****user is created****
14:59:24.608 [main] INFO  api.test.UserTest2 - ******Reading user info*****
14:59:25.942 [main] INFO  api.test.UserTest2 - ******user info is displayed*****
14:59:25.945 [main] INFO  api.test.UserTest2 - *****Update user*****
14:59:28.380 [main] INFO  api.test.UserTest2 - *****Update user is displayed*****
14:59:28.384 [main] INFO  api.test.UserTest2 - *****delete user*****
14:59:29.850 [main] INFO  api.test.UserTest2 - *****delete user is displayed*****
15:02:52.577 [main] DEBUG api.test.UserTest2 - debugging......
15:02:52.879 [main] INFO  api.test.UserTest2 - ********Creating User******
15:02:57.215 [main] INFO  api.test.UserTest2 - *****user is created****
15:02:57.232 [main] INFO  api.test.UserTest2 - ******Reading user info*****
15:02:58.622 [main] INFO  api.test.UserTest2 - ******user info is displayed*****
15:02:58.626 [main] INFO  api.test.UserTest2 - *****Update user*****
15:03:01.467 [main] INFO  api.test.UserTest2 - *****Update user is displayed*****
15:03:01.471 [main] INFO  api.test.UserTest2 - *****delete user*****
15:03:02.654 [main] INFO  api.test.UserTest2 - *****delete user is displayed*****
15:19:45.500 [main] DEBUG api.test.UserTest2 - debugging......
15:19:45.744 [main] INFO  api.test.UserTest2 - ********Creating User******
15:19:51.363 [main] INFO  api.test.UserTest2 - *****user is created****
15:19:51.402 [main] INFO  api.test.UserTest2 - ******Reading user info*****
15:19:53.143 [main] INFO  api.test.UserTest2 - ******user info is displayed*****
15:19:53.149 [main] INFO  api.test.UserTest2 - *****Update user*****
15:19:55.943 [main] INFO  api.test.UserTest2 - *****Update user is displayed*****
15:19:55.948 [main] INFO  api.test.UserTest2 - *****delete user*****
15:19:57.372 [main] INFO  api.test.UserTest2 - *****delete user is displayed*****
15:30:30.589 [main] DEBUG api.test.UserTest2 - debugging......
15:30:30.961 [main] INFO  api.test.UserTest2 - ********Creating User******
15:30:35.142 [main] INFO  api.test.UserTest2 - *****user is created****
15:30:35.152 [main] INFO  api.test.UserTest2 - ******Reading user info*****
15:30:36.560 [main] INFO  api.test.UserTest2 - ******user info is displayed*****
15:30:36.566 [main] INFO  api.test.UserTest2 - *****Update user*****
15:30:39.424 [main] INFO  api.test.UserTest2 - *****Update user is displayed*****
15:30:39.429 [main] INFO  api.test.UserTest2 - *****delete user*****
15:30:40.858 [main] INFO  api.test.UserTest2 - *****delete user is displayed*****
